<?xml version="1.0" encoding="UTF-8"?>
<!-- Generated by org.testng.reporters.JUnitXMLReporter -->
<testsuite ignored="0" hostname="DESKTOP-2U9NDB1" failures="1" tests="4" name="Surefire test" time="0.133" errors="0" timestamp="2025-03-18T14:48:32 IST">
  <testcase classname="com.comcast.package1.ContactTest" name="createContactTest" time="0.011"/>
  <testcase classname="com.comcast.package1.ContactTest" name="modifyContactTest" time="0.024">
    <failure type="java.lang.AssertionError" message="expected [true] but found [false]">
      <![CDATA[java.lang.AssertionError: expected [true] but found [false]
at com.comcast.package1.ContactTest.modifyContactTest(ContactTest.java:28)
at java.base/java.util.ArrayList.forEach(ArrayList.java:1597)
... Removed 34 stack frames]]>
    </failure>
  </testcase> <!-- modifyContactTest -->
  <testcase classname="com.comcast.package2.OrgTest" name="createOrgTest" time="0.003"/>
  <testcase classname="com.comcast.package2.OrgTest" name="modifyOrgTest" time="0.002"/>
</testsuite> <!-- Surefire test -->
